{"/home/snowman/Documents/Polygon/Projects/SDK/SDKV1/nightfall-sdk/useCases/GetCommitmentsAndExportFile/index.ts": {"path":"/home/snowman/Documents/Polygon/Projects/SDK/SDKV1/nightfall-sdk/useCases/GetCommitmentsAndExportFile/index.ts","statementMap":{"0":{"start":{"line":11,"column":36},"end":{"line":18,"column":1}},"1":{"start":{"line":12,"column":29},"end":{"line":12,"column":58}},"2":{"start":{"line":13,"column":30},"end":{"line":13,"column":60}},"3":{"start":{"line":15,"column":25},"end":{"line":15,"column":78}},"4":{"start":{"line":17,"column":2},"end":{"line":17,"column":75}}},"fnMap":{"0":{"name":"(anonymous_0)","decl":{"start":{"line":11,"column":36},"end":{"line":11,"column":37}},"loc":{"start":{"line":11,"column":64},"end":{"line":18,"column":1}},"line":11}},"branchMap":{},"s":{"0":1,"1":1,"2":1,"3":1,"4":1},"f":{"0":1},"b":{},"_coverageSchema":"1a1c01bbd47fc00a2c39e90264f33305004495a9","hash":"f8b867ae6f0adeb050ceae5ee04518ad3fa2bcbc"}
,"/home/snowman/Documents/Polygon/Projects/SDK/SDKV1/nightfall-sdk/useCases/GetCommitmentsAndExportFile/ConcatTwoArrays/index.ts": {"path":"/home/snowman/Documents/Polygon/Projects/SDK/SDKV1/nightfall-sdk/useCases/GetCommitmentsAndExportFile/ConcatTwoArrays/index.ts","statementMap":{"0":{"start":{"line":1,"column":28},"end":{"line":3,"column":1}},"1":{"start":{"line":2,"column":2},"end":{"line":2,"column":31}}},"fnMap":{"0":{"name":"(anonymous_0)","decl":{"start":{"line":1,"column":28},"end":{"line":1,"column":29}},"loc":{"start":{"line":1,"column":48},"end":{"line":3,"column":1}},"line":1}},"branchMap":{},"s":{"0":2,"1":3},"f":{"0":3},"b":{},"_coverageSchema":"1a1c01bbd47fc00a2c39e90264f33305004495a9","hash":"f4ba70d252b4ef70021adb73c65b84097d99642f"}
,"/home/snowman/Documents/Polygon/Projects/SDK/SDKV1/nightfall-sdk/useCases/GetCommitmentsAndExportFile/ExportCommitments/index.ts": {"path":"/home/snowman/Documents/Polygon/Projects/SDK/SDKV1/nightfall-sdk/useCases/GetCommitmentsAndExportFile/ExportCommitments/index.ts","statementMap":{"0":{"start":{"line":3,"column":26},"end":{"line":5,"column":1}},"1":{"start":{"line":4,"column":2},"end":{"line":4,"column":49}},"2":{"start":{"line":7,"column":30},"end":{"line":12,"column":1}},"3":{"start":{"line":8,"column":2},"end":{"line":10,"column":3}},"4":{"start":{"line":9,"column":4},"end":{"line":9,"column":62}},"5":{"start":{"line":11,"column":2},"end":{"line":11,"column":29}}},"fnMap":{"0":{"name":"(anonymous_0)","decl":{"start":{"line":3,"column":26},"end":{"line":3,"column":27}},"loc":{"start":{"line":3,"column":75},"end":{"line":5,"column":1}},"line":3},"1":{"name":"(anonymous_1)","decl":{"start":{"line":7,"column":30},"end":{"line":7,"column":31}},"loc":{"start":{"line":7,"column":47},"end":{"line":12,"column":1}},"line":7}},"branchMap":{"0":{"loc":{"start":{"line":8,"column":2},"end":{"line":10,"column":3}},"type":"if","locations":[{"start":{"line":8,"column":2},"end":{"line":10,"column":3}},{"start":{},"end":{}}],"line":8}},"s":{"0":2,"1":3,"2":2,"3":5,"4":1,"5":4},"f":{"0":3,"1":5},"b":{"0":[1,4]},"_coverageSchema":"1a1c01bbd47fc00a2c39e90264f33305004495a9","hash":"d94c8a99274dc7cdd7b4501faafe96a7a1a693a8"}
,"/home/snowman/Documents/Polygon/Projects/SDK/SDKV1/nightfall-sdk/useCases/GetCommitmentsAndExportFile/GetCommitments/index.ts": {"path":"/home/snowman/Documents/Polygon/Projects/SDK/SDKV1/nightfall-sdk/useCases/GetCommitmentsAndExportFile/GetCommitments/index.ts","statementMap":{"0":{"start":{"line":3,"column":37},"end":{"line":8,"column":1}},"1":{"start":{"line":4,"column":19},"end":{"line":6,"column":3}},"2":{"start":{"line":7,"column":2},"end":{"line":7,"column":18}},"3":{"start":{"line":10,"column":38},"end":{"line":15,"column":1}},"4":{"start":{"line":11,"column":19},"end":{"line":13,"column":3}},"5":{"start":{"line":14,"column":2},"end":{"line":14,"column":18}}},"fnMap":{"0":{"name":"(anonymous_0)","decl":{"start":{"line":3,"column":37},"end":{"line":3,"column":38}},"loc":{"start":{"line":3,"column":49},"end":{"line":8,"column":1}},"line":3},"1":{"name":"(anonymous_1)","decl":{"start":{"line":10,"column":38},"end":{"line":10,"column":39}},"loc":{"start":{"line":10,"column":50},"end":{"line":15,"column":1}},"line":10}},"branchMap":{},"s":{"0":2,"1":3,"2":3,"3":2,"4":3,"5":3},"f":{"0":3,"1":3},"b":{},"_coverageSchema":"1a1c01bbd47fc00a2c39e90264f33305004495a9","hash":"1104ca057b7d73d0afea280c471d91efbe6ed1c0"}
}
