{"/home/snowman/Documents/Polygon/Projects/SDK/SDKV1/nightfall-sdk/libs/commitments/getCommitments.ts": {"path":"/home/snowman/Documents/Polygon/Projects/SDK/SDKV1/nightfall-sdk/libs/commitments/getCommitments.ts","statementMap":{"0":{"start":{"line":3,"column":37},"end":{"line":8,"column":1}},"1":{"start":{"line":4,"column":19},"end":{"line":6,"column":3}},"2":{"start":{"line":7,"column":2},"end":{"line":7,"column":18}},"3":{"start":{"line":10,"column":38},"end":{"line":15,"column":1}},"4":{"start":{"line":11,"column":19},"end":{"line":13,"column":3}},"5":{"start":{"line":14,"column":2},"end":{"line":14,"column":18}}},"fnMap":{"0":{"name":"(anonymous_0)","decl":{"start":{"line":3,"column":37},"end":{"line":3,"column":38}},"loc":{"start":{"line":3,"column":49},"end":{"line":8,"column":1}},"line":3},"1":{"name":"(anonymous_1)","decl":{"start":{"line":10,"column":38},"end":{"line":10,"column":39}},"loc":{"start":{"line":10,"column":50},"end":{"line":15,"column":1}},"line":10}},"branchMap":{},"s":{"0":2,"1":2,"2":2,"3":2,"4":2,"5":2},"f":{"0":2,"1":2},"b":{},"_coverageSchema":"1a1c01bbd47fc00a2c39e90264f33305004495a9","hash":"bbc75e16f0239d92ab254ea6b5506c952252bb3e"}
,"/home/snowman/Documents/Polygon/Projects/SDK/SDKV1/nightfall-sdk/libs/utils/concatTwoArrays.ts": {"path":"/home/snowman/Documents/Polygon/Projects/SDK/SDKV1/nightfall-sdk/libs/utils/concatTwoArrays.ts","statementMap":{"0":{"start":{"line":1,"column":31},"end":{"line":8,"column":1}},"1":{"start":{"line":5,"column":2},"end":{"line":6,"column":44}},"2":{"start":{"line":6,"column":4},"end":{"line":6,"column":44}},"3":{"start":{"line":7,"column":2},"end":{"line":7,"column":31}}},"fnMap":{"0":{"name":"(anonymous_0)","decl":{"start":{"line":1,"column":31},"end":{"line":1,"column":32}},"loc":{"start":{"line":4,"column":5},"end":{"line":8,"column":1}},"line":4}},"branchMap":{"0":{"loc":{"start":{"line":5,"column":2},"end":{"line":6,"column":44}},"type":"if","locations":[{"start":{"line":5,"column":2},"end":{"line":6,"column":44}},{"start":{},"end":{}}],"line":5},"1":{"loc":{"start":{"line":5,"column":6},"end":{"line":5,"column":40}},"type":"binary-expr","locations":[{"start":{"line":5,"column":6},"end":{"line":5,"column":21}},{"start":{"line":5,"column":25},"end":{"line":5,"column":40}}],"line":5}},"s":{"0":2,"1":3,"2":1,"3":2},"f":{"0":3},"b":{"0":[1,2],"1":[3,2]},"_coverageSchema":"1a1c01bbd47fc00a2c39e90264f33305004495a9","hash":"18870b6708a1553522e8ec109a619f0eef6d975b"}
,"/home/snowman/Documents/Polygon/Projects/SDK/SDKV1/nightfall-sdk/libs/utils/convertObjectToString.ts": {"path":"/home/snowman/Documents/Polygon/Projects/SDK/SDKV1/nightfall-sdk/libs/utils/convertObjectToString.ts","statementMap":{"0":{"start":{"line":1,"column":30},"end":{"line":6,"column":1}},"1":{"start":{"line":2,"column":2},"end":{"line":4,"column":3}},"2":{"start":{"line":3,"column":4},"end":{"line":3,"column":62}},"3":{"start":{"line":5,"column":2},"end":{"line":5,"column":29}}},"fnMap":{"0":{"name":"(anonymous_0)","decl":{"start":{"line":1,"column":30},"end":{"line":1,"column":31}},"loc":{"start":{"line":1,"column":47},"end":{"line":6,"column":1}},"line":1}},"branchMap":{"0":{"loc":{"start":{"line":2,"column":2},"end":{"line":4,"column":3}},"type":"if","locations":[{"start":{"line":2,"column":2},"end":{"line":4,"column":3}},{"start":{},"end":{}}],"line":2}},"s":{"0":2,"1":2,"2":1,"3":1},"f":{"0":2},"b":{"0":[1,1]},"_coverageSchema":"1a1c01bbd47fc00a2c39e90264f33305004495a9","hash":"2b7664718356ce887b1634ac43174044f23d2b0e"}
,"/home/snowman/Documents/Polygon/Projects/SDK/SDKV1/nightfall-sdk/libs/utils/exportFile.ts": {"path":"/home/snowman/Documents/Polygon/Projects/SDK/SDKV1/nightfall-sdk/libs/utils/exportFile.ts","statementMap":{"0":{"start":{"line":3,"column":19},"end":{"line":5,"column":1}},"1":{"start":{"line":4,"column":2},"end":{"line":4,"column":42}}},"fnMap":{"0":{"name":"(anonymous_0)","decl":{"start":{"line":3,"column":19},"end":{"line":3,"column":20}},"loc":{"start":{"line":3,"column":68},"end":{"line":5,"column":1}},"line":3}},"branchMap":{},"s":{"0":2,"1":1},"f":{"0":1},"b":{},"_coverageSchema":"1a1c01bbd47fc00a2c39e90264f33305004495a9","hash":"7c2c32ac067c129dd0764ec70cd8e38a05c1d703"}
}
