TN:
SF:useCases/GetCommitmentsAndExportFile/index.ts
FN:11,(anonymous_0)
FNF:1
FNH:1
FNDA:1,(anonymous_0)
DA:11,1
DA:12,1
DA:13,1
DA:15,1
DA:17,1
LF:5
LH:5
BRF:0
BRH:0
end_of_record
TN:
SF:useCases/GetCommitmentsAndExportFile/ConcatTwoArrays/index.ts
FN:1,(anonymous_0)
FNF:1
FNH:1
FNDA:3,(anonymous_0)
DA:1,2
DA:2,3
LF:2
LH:2
BRF:0
BRH:0
end_of_record
TN:
SF:useCases/GetCommitmentsAndExportFile/ExportCommitments/index.ts
FN:3,(anonymous_0)
FN:7,(anonymous_1)
FNF:2
FNH:2
FNDA:3,(anonymous_0)
FNDA:5,(anonymous_1)
DA:3,2
DA:4,3
DA:7,2
DA:8,5
DA:9,1
DA:11,4
LF:6
LH:6
BRDA:8,0,0,1
BRDA:8,0,1,4
BRF:2
BRH:2
end_of_record
TN:
SF:useCases/GetCommitmentsAndExportFile/GetCommitments/index.ts
FN:3,(anonymous_0)
FN:10,(anonymous_1)
FNF:2
FNH:2
FNDA:3,(anonymous_0)
FNDA:3,(anonymous_1)
DA:3,2
DA:4,3
DA:7,3
DA:10,2
DA:11,3
DA:14,3
LF:6
LH:6
BRF:0
BRH:0
end_of_record
